0 verbose cli [
0 verbose cli   '/usr/local/bin/node',
0 verbose cli   '/Users/tiegoouedraogo/node_modules/.bin/npm',
0 verbose cli   'install',
0 verbose cli   '--no-audit',
0 verbose cli   '--save',
0 verbose cli   '@testing-library/jest-dom@^5.14.1',
0 verbose cli   '@testing-library/react@^12.0.0',
0 verbose cli   '@testing-library/user-event@^13.2.1',
0 verbose cli   'web-vitals@^2.1.0'
0 verbose cli ]
1 info using npm@8.3.2
2 info using node@v16.13.2
3 timing npm:load:whichnode Completed in 0ms
4 timing config:load:defaults Completed in 2ms
5 timing config:load:file:/Users/tiegoouedraogo/node_modules/npm/npmrc Completed in 1ms
6 timing config:load:builtin Completed in 1ms
7 timing config:load:cli Completed in 3ms
8 timing config:load:env Completed in 0ms
9 timing config:load:file:/Users/tiegoouedraogo/Desktop/Scrimba/React/learningreact/.npmrc Completed in 0ms
10 timing config:load:project Completed in 3ms
11 timing config:load:file:/Users/tiegoouedraogo/.npmrc Completed in 0ms
12 timing config:load:user Completed in 0ms
13 timing config:load:file:/usr/local/etc/npmrc Completed in 0ms
14 timing config:load:global Completed in 0ms
15 timing config:load:validate Completed in 1ms
16 timing config:load:credentials Completed in 1ms
17 timing config:load:setEnvs Completed in 1ms
18 timing config:load Completed in 15ms
19 timing npm:load:configload Completed in 16ms
20 timing npm:load:setTitle Completed in 30ms
21 timing config:load:flatten Completed in 3ms
22 timing npm:load:display Completed in 4ms
23 verbose logfile /Users/tiegoouedraogo/.npm/_logs/2022-02-08T23_39_40_316Z-debug-0.log
24 timing npm:load:logFile Completed in 5ms
25 timing npm:load:timers Completed in 0ms
26 timing npm:load:configScope Completed in 0ms
27 timing npm:load Completed in 56ms
28 timing arborist:ctor Completed in 1ms
29 silly logfile start cleaning logs, removing 1 files
30 timing idealTree:init Completed in 663ms
31 timing idealTree:userRequests Completed in 2ms
32 silly idealTree buildDeps
33 silly fetch manifest @testing-library/jest-dom@^5.14.1
34 timing arborist:ctor Completed in 0ms
35 http fetch GET 200 https://registry.npmjs.org/@testing-library%2fjest-dom 696ms (cache updated)
36 silly fetch manifest @testing-library/react@^12.0.0
37 http fetch GET 200 https://registry.npmjs.org/@testing-library%2freact 148ms (cache revalidated)
38 silly fetch manifest react@^17.0.2
39 http fetch GET 200 https://registry.npmjs.org/react 11ms (cache hit)
40 silly fetch manifest react-dom@^17.0.2
41 http fetch GET 200 https://registry.npmjs.org/react-dom 8ms (cache hit)
42 silly fetch manifest @testing-library/user-event@^13.2.1
43 http fetch GET 200 https://registry.npmjs.org/@testing-library%2fuser-event 92ms (cache updated)
44 silly fetch manifest @testing-library/dom@>=7.21.4
45 http fetch GET 200 https://registry.npmjs.org/@testing-library%2fdom 91ms (cache updated)
46 silly fetch manifest web-vitals@^2.1.0
47 http fetch GET 200 https://registry.npmjs.org/web-vitals 50ms (cache updated)
48 silly placeDep ROOT @testing-library/jest-dom@5.16.2 OK for: learningreact@0.1.0 want: ^5.14.1
49 silly placeDep ROOT @testing-library/react@12.1.2 OK for: learningreact@0.1.0 want: ^12.0.0
50 silly placeDep ROOT @testing-library/user-event@13.5.0 OK for: learningreact@0.1.0 want: ^13.2.1
51 silly placeDep ROOT @testing-library/dom@8.11.3 OK for: @testing-library/user-event@13.5.0 want: >=7.21.4
52 silly placeDep ROOT web-vitals@2.1.4 OK for: learningreact@0.1.0 want: ^2.1.0
53 silly fetch manifest @types/testing-library__jest-dom@^5.9.1
54 silly fetch manifest aria-query@^5.0.0
55 silly fetch manifest chalk@^3.0.0
56 silly fetch manifest css@^3.0.0
57 silly fetch manifest css.escape@^1.5.1
58 silly fetch manifest dom-accessibility-api@^0.5.6
59 silly fetch manifest redent@^3.0.0
60 silly fetch manifest @types/aria-query@^4.2.0
61 silly fetch manifest chalk@^4.1.0
62 silly fetch manifest dom-accessibility-api@^0.5.9
63 silly fetch manifest lz-string@^1.4.4
64 http fetch GET 200 https://registry.npmjs.org/aria-query 40ms (cache hit)
65 http fetch GET 200 https://registry.npmjs.org/chalk 39ms (cache hit)
66 http fetch GET 200 https://registry.npmjs.org/css 78ms (cache revalidated)
67 http fetch GET 200 https://registry.npmjs.org/dom-accessibility-api 155ms (cache updated)
68 http fetch GET 200 https://registry.npmjs.org/css.escape 157ms (cache revalidated)
69 http fetch GET 200 https://registry.npmjs.org/redent 159ms (cache revalidated)
70 http fetch GET 200 https://registry.npmjs.org/lz-string 162ms (cache revalidated)
71 http fetch GET 200 https://registry.npmjs.org/@types%2faria-query 170ms (cache revalidated)
72 http fetch GET 200 https://registry.npmjs.org/@types%2ftesting-library__jest-dom 180ms (cache revalidated)
73 timing idealTree:#root Completed in 1323ms
74 silly placeDep ROOT @types/aria-query@4.2.2 OK for: @testing-library/dom@8.11.3 want: ^4.2.0
75 silly placeDep node_modules/@testing-library/dom aria-query@5.0.0 OK for: @testing-library/dom@8.11.3 want: ^5.0.0
76 silly placeDep node_modules/@testing-library/dom chalk@4.1.2 OK for: @testing-library/dom@8.11.3 want: ^4.1.0
77 silly placeDep ROOT dom-accessibility-api@0.5.11 OK for: @testing-library/dom@8.11.3 want: ^0.5.9
78 silly placeDep ROOT lz-string@1.4.4 OK for: @testing-library/dom@8.11.3 want: ^1.4.4
79 silly fetch manifest ansi-styles@^4.1.0
80 silly fetch manifest supports-color@^7.1.0
81 http fetch GET 200 https://registry.npmjs.org/ansi-styles 6ms (cache hit)
82 http fetch GET 200 https://registry.npmjs.org/supports-color 7ms (cache hit)
83 timing idealTree:node_modules/@testing-library/dom Completed in 15ms
84 silly placeDep ROOT @types/testing-library__jest-dom@5.14.2 OK for: @testing-library/jest-dom@5.16.2 want: ^5.9.1
85 silly placeDep node_modules/@testing-library/jest-dom aria-query@5.0.0 OK for: @testing-library/jest-dom@5.16.2 want: ^5.0.0
86 silly placeDep node_modules/@testing-library/jest-dom chalk@3.0.0 OK for: @testing-library/jest-dom@5.16.2 want: ^3.0.0
87 silly placeDep ROOT css@3.0.0 OK for: @testing-library/jest-dom@5.16.2 want: ^3.0.0
88 silly placeDep ROOT css.escape@1.5.1 OK for: @testing-library/jest-dom@5.16.2 want: ^1.5.1
89 silly placeDep ROOT redent@3.0.0 OK for: @testing-library/jest-dom@5.16.2 want: ^3.0.0
90 silly fetch manifest @types/jest@*
91 silly fetch manifest source-map@^0.6.1
92 silly fetch manifest source-map-resolve@^0.6.0
93 silly fetch manifest strip-indent@^3.0.0
94 http fetch GET 200 https://registry.npmjs.org/source-map 10ms (cache hit)
95 http fetch GET 200 https://registry.npmjs.org/strip-indent 48ms (cache revalidated)
96 http fetch GET 200 https://registry.npmjs.org/source-map-resolve 56ms (cache revalidated)
97 http fetch GET 200 https://registry.npmjs.org/@types%2fjest 70ms (cache revalidated)
98 timing idealTree:node_modules/@testing-library/jest-dom Completed in 78ms
99 timing idealTree:node_modules/@testing-library/react Completed in 1ms
100 timing idealTree:node_modules/@testing-library/user-event Completed in 0ms
101 timing idealTree:node_modules/@types/aria-query Completed in 0ms
102 silly placeDep ROOT @types/jest@27.4.0 OK for: @types/testing-library__jest-dom@5.14.2 want: *
103 timing idealTree:node_modules/@types/testing-library__jest-dom Completed in 2ms
104 timing idealTree:node_modules/@types/jest Completed in 0ms
105 silly placeDep node_modules/css source-map@0.6.1 OK for: css@3.0.0 want: ^0.6.1
106 silly placeDep ROOT source-map-resolve@0.6.0 OK for: css@3.0.0 want: ^0.6.0
107 silly fetch manifest atob@^2.1.2
108 silly fetch manifest decode-uri-component@^0.2.0
109 http fetch GET 200 https://registry.npmjs.org/atob 51ms (cache revalidated)
110 http fetch GET 200 https://registry.npmjs.org/decode-uri-component 62ms (cache revalidated)
111 timing idealTree:node_modules/css Completed in 67ms
112 timing idealTree:node_modules/css.escape Completed in 0ms
113 timing idealTree:node_modules/dom-accessibility-api Completed in 0ms
114 timing idealTree:node_modules/lz-string Completed in 0ms
115 silly placeDep ROOT strip-indent@3.0.0 OK for: redent@3.0.0 want: ^3.0.0
116 silly fetch manifest min-indent@^1.0.0
117 http fetch GET 200 https://registry.npmjs.org/min-indent 56ms (cache revalidated)
118 timing idealTree:node_modules/redent Completed in 60ms
119 silly placeDep ROOT atob@2.1.2 OK for: source-map-resolve@0.6.0 want: ^2.1.2
120 silly placeDep ROOT decode-uri-component@0.2.0 OK for: source-map-resolve@0.6.0 want: ^0.2.0
121 timing idealTree:node_modules/source-map-resolve Completed in 4ms
122 timing idealTree:node_modules/atob Completed in 0ms
123 timing idealTree:node_modules/decode-uri-component Completed in 0ms
124 silly placeDep ROOT min-indent@1.0.1 OK for: strip-indent@3.0.0 want: ^1.0.0
125 timing idealTree:node_modules/strip-indent Completed in 2ms
126 timing idealTree:node_modules/min-indent Completed in 0ms
127 timing idealTree:node_modules/web-vitals Completed in 0ms
128 timing idealTree:node_modules/@testing-library/dom/node_modules/aria-query Completed in 0ms
129 silly placeDep node_modules/@testing-library/dom ansi-styles@4.3.0 OK for: chalk@4.1.2 want: ^4.1.0
130 silly placeDep node_modules/@testing-library/dom supports-color@7.2.0 OK for: chalk@4.1.2 want: ^7.1.0
131 silly fetch manifest color-convert@^2.0.1
132 silly fetch manifest has-flag@^4.0.0
133 http fetch GET 200 https://registry.npmjs.org/has-flag 7ms (cache hit)
134 http fetch GET 200 https://registry.npmjs.org/color-convert 7ms (cache hit)
135 timing idealTree:node_modules/@testing-library/dom/node_modules/chalk Completed in 12ms
136 silly placeDep node_modules/@testing-library/dom color-convert@2.0.1 OK for: ansi-styles@4.3.0 want: ^2.0.1
137 silly fetch manifest color-name@~1.1.4
138 http fetch GET 200 https://registry.npmjs.org/color-name 4ms (cache hit)
139 timing idealTree:node_modules/@testing-library/dom/node_modules/ansi-styles Completed in 7ms
140 silly placeDep node_modules/@testing-library/dom color-name@1.1.4 OK for: color-convert@2.0.1 want: ~1.1.4
141 timing idealTree:node_modules/@testing-library/dom/node_modules/color-convert Completed in 1ms
142 timing idealTree:node_modules/@testing-library/dom/node_modules/color-name Completed in 0ms
143 silly placeDep node_modules/@testing-library/dom has-flag@4.0.0 OK for: supports-color@7.2.0 want: ^4.0.0
144 timing idealTree:node_modules/@testing-library/dom/node_modules/supports-color Completed in 0ms
145 timing idealTree:node_modules/@testing-library/dom/node_modules/has-flag Completed in 0ms
146 timing idealTree:node_modules/@testing-library/jest-dom/node_modules/aria-query Completed in 0ms
147 silly placeDep node_modules/@testing-library/jest-dom ansi-styles@4.3.0 OK for: chalk@3.0.0 want: ^4.1.0
148 silly placeDep node_modules/@testing-library/jest-dom supports-color@7.2.0 OK for: chalk@3.0.0 want: ^7.1.0
149 timing idealTree:node_modules/@testing-library/jest-dom/node_modules/chalk Completed in 2ms
150 silly placeDep node_modules/@testing-library/jest-dom color-convert@2.0.1 OK for: ansi-styles@4.3.0 want: ^2.0.1
151 timing idealTree:node_modules/@testing-library/jest-dom/node_modules/ansi-styles Completed in 1ms
152 silly placeDep node_modules/@testing-library/jest-dom color-name@1.1.4 OK for: color-convert@2.0.1 want: ~1.1.4
153 timing idealTree:node_modules/@testing-library/jest-dom/node_modules/color-convert Completed in 1ms
154 timing idealTree:node_modules/@testing-library/jest-dom/node_modules/color-name Completed in 0ms
155 silly placeDep node_modules/@testing-library/jest-dom has-flag@4.0.0 OK for: supports-color@7.2.0 want: ^4.0.0
156 timing idealTree:node_modules/@testing-library/jest-dom/node_modules/supports-color Completed in 0ms
157 timing idealTree:node_modules/@testing-library/jest-dom/node_modules/has-flag Completed in 0ms
158 timing idealTree:node_modules/css/node_modules/source-map Completed in 0ms
159 timing idealTree:buildDeps Completed in 1579ms
160 timing idealTree:fixDepFlags Completed in 14ms
161 timing idealTree Completed in 2273ms
162 timing reify:loadTrees Completed in 2274ms
163 timing reify:diffTrees Completed in 21ms
164 silly reify moves {}
165 timing reify:retireShallow Completed in 0ms
166 timing reify:createSparse Completed in 7ms
167 timing reify:loadBundles Completed in 0ms
168 silly tarball no local data for dom-accessibility-api@https://registry.npmjs.org/dom-accessibility-api/-/dom-accessibility-api-0.5.11.tgz. Extracting by manifest.
169 silly tarball no local data for @testing-library/dom@https://registry.npmjs.org/@testing-library/dom/-/dom-8.11.3.tgz. Extracting by manifest.
170 silly tarball no local data for web-vitals@https://registry.npmjs.org/web-vitals/-/web-vitals-2.1.4.tgz. Extracting by manifest.
171 silly tarball no local data for @testing-library/jest-dom@https://registry.npmjs.org/@testing-library/jest-dom/-/jest-dom-5.16.2.tgz. Extracting by manifest.
172 timing reifyNode:node_modules/min-indent Completed in 138ms
173 timing reifyNode:node_modules/decode-uri-component Completed in 138ms
174 timing reifyNode:node_modules/css.escape Completed in 138ms
175 timing reifyNode:node_modules/@types/aria-query Completed in 137ms
176 timing reifyNode:node_modules/@testing-library/dom/node_modules/color-name Completed in 138ms
177 timing reifyNode:node_modules/@testing-library/jest-dom/node_modules/color-name Completed in 138ms
178 timing reifyNode:node_modules/strip-indent Completed in 141ms
179 timing reifyNode:node_modules/redent Completed in 142ms
180 timing reifyNode:node_modules/@testing-library/dom/node_modules/supports-color Completed in 141ms
181 timing reifyNode:node_modules/@testing-library/dom/node_modules/has-flag Completed in 141ms
182 timing reifyNode:node_modules/@testing-library/jest-dom/node_modules/has-flag Completed in 142ms
183 timing reifyNode:node_modules/@testing-library/jest-dom/node_modules/supports-color Completed in 142ms
184 timing reifyNode:node_modules/@types/testing-library__jest-dom Completed in 143ms
185 timing reifyNode:node_modules/@testing-library/dom/node_modules/ansi-styles Completed in 144ms
186 timing reifyNode:node_modules/@testing-library/jest-dom/node_modules/ansi-styles Completed in 144ms
187 warn deprecated source-map-resolve@0.6.0: See https://github.com/lydell/source-map-resolve#deprecated
188 timing reifyNode:node_modules/source-map-resolve Completed in 147ms
189 timing reifyNode:node_modules/@types/jest Completed in 148ms
190 timing reifyNode:node_modules/@testing-library/dom/node_modules/color-convert Completed in 149ms
191 timing reifyNode:node_modules/@testing-library/jest-dom/node_modules/color-convert Completed in 149ms
192 timing reifyNode:node_modules/@testing-library/jest-dom/node_modules/chalk Completed in 149ms
193 timing reifyNode:node_modules/@testing-library/dom/node_modules/chalk Completed in 151ms
194 timing reifyNode:node_modules/atob Completed in 153ms
195 timing reifyNode:node_modules/css Completed in 157ms
196 timing reifyNode:node_modules/lz-string Completed in 174ms
197 timing reifyNode:node_modules/css/node_modules/source-map Completed in 206ms
198 http fetch GET 200 https://registry.npmjs.org/dom-accessibility-api/-/dom-accessibility-api-0.5.11.tgz 227ms (cache miss)
199 timing reifyNode:node_modules/dom-accessibility-api Completed in 244ms
200 http fetch GET 200 https://registry.npmjs.org/web-vitals/-/web-vitals-2.1.4.tgz 227ms (cache miss)
201 timing reifyNode:node_modules/web-vitals Completed in 250ms
202 timing reifyNode:node_modules/@testing-library/user-event Completed in 258ms
203 timing reifyNode:node_modules/@testing-library/jest-dom/node_modules/aria-query Completed in 288ms
204 timing reifyNode:node_modules/@testing-library/dom/node_modules/aria-query Completed in 288ms
205 timing reifyNode:node_modules/@testing-library/react Completed in 295ms
206 http fetch GET 200 https://registry.npmjs.org/@testing-library/jest-dom/-/jest-dom-5.16.2.tgz 489ms (cache miss)
207 timing reifyNode:node_modules/@testing-library/jest-dom Completed in 515ms
208 http fetch GET 200 https://registry.npmjs.org/@testing-library/dom/-/dom-8.11.3.tgz 530ms (cache miss)
209 timing reifyNode:node_modules/@testing-library/dom Completed in 550ms
210 timing reify:unpack Completed in 552ms
211 timing reify:unretire Completed in 0ms
212 timing build:queue Completed in 1ms
213 timing build:link:node_modules/atob Completed in 2ms
214 timing build:link:node_modules/lz-string Completed in 2ms
215 timing build:link Completed in 2ms
216 timing build:deps Completed in 4ms
217 timing build Completed in 4ms
218 timing reify:build Completed in 4ms
219 timing reify:trash Completed in 0ms
220 timing reify:save Completed in 182ms
221 timing reify Completed in 3107ms
222 silly ADD node_modules/min-indent
223 silly ADD node_modules/decode-uri-component
224 silly ADD node_modules/atob
225 silly ADD node_modules/strip-indent
226 silly ADD node_modules/source-map-resolve
227 silly ADD node_modules/@types/jest
228 silly ADD node_modules/redent
229 silly ADD node_modules/css.escape
230 silly ADD node_modules/css
231 silly ADD node_modules/css/node_modules/source-map
232 silly ADD node_modules/@types/testing-library__jest-dom
233 silly ADD node_modules/lz-string
234 silly ADD node_modules/dom-accessibility-api
235 silly ADD node_modules/@types/aria-query
236 silly ADD node_modules/web-vitals
237 silly ADD node_modules/@testing-library/dom
238 silly ADD node_modules/@testing-library/dom/node_modules/has-flag
239 silly ADD node_modules/@testing-library/dom/node_modules/color-name
240 silly ADD node_modules/@testing-library/dom/node_modules/color-convert
241 silly ADD node_modules/@testing-library/dom/node_modules/supports-color
242 silly ADD node_modules/@testing-library/dom/node_modules/ansi-styles
243 silly ADD node_modules/@testing-library/dom/node_modules/chalk
244 silly ADD node_modules/@testing-library/dom/node_modules/aria-query
245 silly ADD node_modules/@testing-library/user-event
246 silly ADD node_modules/@testing-library/react
247 silly ADD node_modules/@testing-library/jest-dom
248 silly ADD node_modules/@testing-library/jest-dom/node_modules/has-flag
249 silly ADD node_modules/@testing-library/jest-dom/node_modules/color-name
250 silly ADD node_modules/@testing-library/jest-dom/node_modules/color-convert
251 silly ADD node_modules/@testing-library/jest-dom/node_modules/supports-color
252 silly ADD node_modules/@testing-library/jest-dom/node_modules/ansi-styles
253 silly ADD node_modules/@testing-library/jest-dom/node_modules/chalk
254 silly ADD node_modules/@testing-library/jest-dom/node_modules/aria-query
255 timing command:install Completed in 3117ms
256 verbose exit 0
257 timing npm Completed in 3603ms
258 info ok
